;  LST file generated by mikroListExporter - v.2.0 
; Date/Time: 8/1/2023 8:38:30 AM
;----------------------------------------------

;Address Opcode 	ASM
0x0000	0x29B4      	GOTO       436
_interrupt:
0x0004	0x00FF      	MOVWF      R15
0x0005	0x0E03      	SWAPF      STATUS, 0
0x0006	0x0183      	CLRF       STATUS
0x0007	0x00AD      	MOVWF      ___saveSTATUS
0x0008	0x080A      	MOVF       PCLATH, 0
0x0009	0x00AE      	MOVWF      ___savePCLATH
0x000A	0x018A      	CLRF       PCLATH
0x000B	0x0870      	MOVF       R0, 0
0x000C	0x00A6      	MOVWF      38
0x000D	0x0874      	MOVF       R4, 0
0x000E	0x00A5      	MOVWF      37
0x000F	0x0878      	MOVF       R8, 0
0x0010	0x00A4      	MOVWF      36
0x0011	0x087A      	MOVF       R10, 0
0x0012	0x00A3      	MOVWF      35
0x0013	0x087B      	MOVF       R11, 0
0x0014	0x00A2      	MOVWF      34
0x0015	0x087C      	MOVF       R12, 0
0x0016	0x00A1      	MOVWF      33
0x0017	0x087D      	MOVF       R13, 0
0x0018	0x00A0      	MOVWF      32
;mado.c,22 :: 		void interrupt(){
;mado.c,23 :: 		if(intf_bit==1)
0x0019	0x1C8B      	BTFSS      INTF_bit, BitPos(INTF_bit+0)
0x001A	0x281C      	GOTO       L_interrupt2
;mado.c,24 :: 		intf_bit=0;
0x001B	0x108B      	BCF        INTF_bit, BitPos(INTF_bit+0)
L_interrupt2:
;mado.c,25 :: 		j++;
0x001C	0x0AA7      	INCF       _j, 1
0x001D	0x1903      	BTFSC      STATUS, 2
0x001E	0x0AA8      	INCF       _j+1, 1
;mado.c,27 :: 		if(j==1){
0x001F	0x3000      	MOVLW      0
0x0020	0x0628      	XORWF      _j+1, 0
0x0021	0x1D03      	BTFSS      STATUS, 2
0x0022	0x2825      	GOTO       L__interrupt61
0x0023	0x3001      	MOVLW      1
0x0024	0x0627      	XORWF      _j, 0
L__interrupt61:
0x0025	0x1D03      	BTFSS      STATUS, 2
0x0026	0x2870      	GOTO       L_interrupt3
;mado.c,28 :: 		for(count=3;count>=0;count--){
0x0027	0x3003      	MOVLW      3
0x0028	0x00A9      	MOVWF      _count
L_interrupt4:
0x0029	0x3080      	MOVLW      128
0x002A	0x0629      	XORWF      _count, 0
0x002B	0x00F0      	MOVWF      R0
0x002C	0x3080      	MOVLW      128
0x002D	0x3A00      	XORLW      0
0x002E	0x0270      	SUBWF      R0, 0
0x002F	0x1C03      	BTFSS      STATUS, 0
0x0030	0x286E      	GOTO       L_interrupt5
;mado.c,33 :: 		portd=0b01010;
0x0031	0x300A      	MOVLW      10
0x0032	0x0088      	MOVWF      PORTD
;mado.c,34 :: 		for(i=0;i<40;i++){
0x0033	0x01AA      	CLRF       _i
L_interrupt7:
0x0034	0x3028      	MOVLW      40
0x0035	0x022A      	SUBWF      _i, 0
0x0036	0x1803      	BTFSC      STATUS, 0
0x0037	0x286C      	GOTO       L_interrupt8
;mado.c,35 :: 		int left=count/10;
0x0038	0x300A      	MOVLW      10
0x0039	0x00F4      	MOVWF      R4
0x003A	0x0829      	MOVF       _count, 0
0x003B	0x00F0      	MOVWF      R0
0x003C	0x211B      	CALL       _Div_8X8_S
0x003D	0x0870      	MOVF       R0, 0
0x003E	0x00B4      	MOVWF      interrupt_left_L3
0x003F	0x3000      	MOVLW      0
0x0040	0x1BB4      	BTFSC      interrupt_left_L3, 7
0x0041	0x30FF      	MOVLW      255
0x0042	0x00B5      	MOVWF      interrupt_left_L3+1
;mado.c,36 :: 		int right=count%10;
0x0043	0x300A      	MOVLW      10
0x0044	0x00F4      	MOVWF      R4
0x0045	0x0829      	MOVF       _count, 0
0x0046	0x00F0      	MOVWF      R0
0x0047	0x211B      	CALL       _Div_8X8_S
0x0048	0x0878      	MOVF       R8, 0
0x0049	0x00F0      	MOVWF      R0
0x004A	0x0870      	MOVF       R0, 0
0x004B	0x00B6      	MOVWF      interrupt_right_L3
0x004C	0x3000      	MOVLW      0
0x004D	0x1BB6      	BTFSC      interrupt_right_L3, 7
0x004E	0x30FF      	MOVLW      255
0x004F	0x00B7      	MOVWF      interrupt_right_L3+1
;mado.c,37 :: 		LSD=0;//pnp transistor is on
0x0050	0x1009      	BCF        PORTE, 0
;mado.c,38 :: 		MSD=1; //pnp transistor is off
0x0051	0x1489      	BSF        PORTE, 1
;mado.c,39 :: 		display=right;
0x0052	0x0836      	MOVF       interrupt_right_L3, 0
0x0053	0x0087      	MOVWF      PORTC
;mado.c,40 :: 		delay_ms(10);
0x0054	0x301A      	MOVLW      26
0x0055	0x00FC      	MOVWF      R12
0x0056	0x30F8      	MOVLW      248
0x0057	0x00FD      	MOVWF      R13
L_interrupt10:
0x0058	0x0BFD      	DECFSZ     R13, 1
0x0059	0x2858      	GOTO       L_interrupt10
0x005A	0x0BFC      	DECFSZ     R12, 1
0x005B	0x2858      	GOTO       L_interrupt10
0x005C	0x0000      	NOP
;mado.c,41 :: 		LSD=1;//pnp transistor is off
0x005D	0x1409      	BSF        PORTE, 0
;mado.c,42 :: 		MSD=0; //pnp transistor is on
0x005E	0x1089      	BCF        PORTE, 1
;mado.c,43 :: 		display= Left;
0x005F	0x0834      	MOVF       interrupt_left_L3, 0
0x0060	0x0087      	MOVWF      PORTC
;mado.c,44 :: 		delay_ms(10);}
0x0061	0x301A      	MOVLW      26
0x0062	0x00FC      	MOVWF      R12
0x0063	0x30F8      	MOVLW      248
0x0064	0x00FD      	MOVWF      R13
L_interrupt11:
0x0065	0x0BFD      	DECFSZ     R13, 1
0x0066	0x2865      	GOTO       L_interrupt11
0x0067	0x0BFC      	DECFSZ     R12, 1
0x0068	0x2865      	GOTO       L_interrupt11
0x0069	0x0000      	NOP
;mado.c,34 :: 		for(i=0;i<40;i++){
0x006A	0x0AAA      	INCF       _i, 1
;mado.c,44 :: 		delay_ms(10);}
0x006B	0x2834      	GOTO       L_interrupt7
L_interrupt8:
;mado.c,28 :: 		for(count=3;count>=0;count--){
0x006C	0x03A9      	DECF       _count, 1
;mado.c,45 :: 		}
0x006D	0x2829      	GOTO       L_interrupt4
L_interrupt5:
;mado.c,46 :: 		portD.B1=0;
0x006E	0x1088      	BCF        PORTD, 1
;mado.c,48 :: 		}
0x006F	0x2906      	GOTO       L_interrupt12
L_interrupt3:
;mado.c,50 :: 		else if(j==2){
0x0070	0x3000      	MOVLW      0
0x0071	0x0628      	XORWF      _j+1, 0
0x0072	0x1D03      	BTFSS      STATUS, 2
0x0073	0x2876      	GOTO       L__interrupt62
0x0074	0x3002      	MOVLW      2
0x0075	0x0627      	XORWF      _j, 0
L__interrupt62:
0x0076	0x1D03      	BTFSS      STATUS, 2
0x0077	0x28B5      	GOTO       L_interrupt13
;mado.c,51 :: 		portd=0b100001;
0x0078	0x3021      	MOVLW      33
0x0079	0x0088      	MOVWF      PORTD
;mado.c,53 :: 		for(i=0;i<40;i++){
0x007A	0x01AA      	CLRF       _i
L_interrupt14:
0x007B	0x3028      	MOVLW      40
0x007C	0x022A      	SUBWF      _i, 0
0x007D	0x1803      	BTFSC      STATUS, 0
0x007E	0x28B3      	GOTO       L_interrupt15
;mado.c,54 :: 		int left=count/10;
0x007F	0x300A      	MOVLW      10
0x0080	0x00F4      	MOVWF      R4
0x0081	0x0829      	MOVF       _count, 0
0x0082	0x00F0      	MOVWF      R0
0x0083	0x211B      	CALL       _Div_8X8_S
0x0084	0x0870      	MOVF       R0, 0
0x0085	0x00B8      	MOVWF      interrupt_left_L2
0x0086	0x3000      	MOVLW      0
0x0087	0x1BB8      	BTFSC      interrupt_left_L2, 7
0x0088	0x30FF      	MOVLW      255
0x0089	0x00B9      	MOVWF      interrupt_left_L2+1
;mado.c,55 :: 		int right=count%10;
0x008A	0x300A      	MOVLW      10
0x008B	0x00F4      	MOVWF      R4
0x008C	0x0829      	MOVF       _count, 0
0x008D	0x00F0      	MOVWF      R0
0x008E	0x211B      	CALL       _Div_8X8_S
0x008F	0x0878      	MOVF       R8, 0
0x0090	0x00F0      	MOVWF      R0
0x0091	0x0870      	MOVF       R0, 0
0x0092	0x00BA      	MOVWF      interrupt_right_L2
0x0093	0x3000      	MOVLW      0
0x0094	0x1BBA      	BTFSC      interrupt_right_L2, 7
0x0095	0x30FF      	MOVLW      255
0x0096	0x00BB      	MOVWF      interrupt_right_L2+1
;mado.c,56 :: 		LSD=0;//pnp transistor is on
0x0097	0x1009      	BCF        PORTE, 0
;mado.c,57 :: 		MSD=1; //pnp transistor is off
0x0098	0x1489      	BSF        PORTE, 1
;mado.c,58 :: 		display=right;
0x0099	0x083A      	MOVF       interrupt_right_L2, 0
0x009A	0x0087      	MOVWF      PORTC
;mado.c,59 :: 		delay_ms(10);
0x009B	0x301A      	MOVLW      26
0x009C	0x00FC      	MOVWF      R12
0x009D	0x30F8      	MOVLW      248
0x009E	0x00FD      	MOVWF      R13
L_interrupt17:
0x009F	0x0BFD      	DECFSZ     R13, 1
0x00A0	0x289F      	GOTO       L_interrupt17
0x00A1	0x0BFC      	DECFSZ     R12, 1
0x00A2	0x289F      	GOTO       L_interrupt17
0x00A3	0x0000      	NOP
;mado.c,60 :: 		LSD=1;//pnp transistor is off
0x00A4	0x1409      	BSF        PORTE, 0
;mado.c,61 :: 		MSD=0; //pnp transistor is on
0x00A5	0x1089      	BCF        PORTE, 1
;mado.c,62 :: 		display= Left;
0x00A6	0x0838      	MOVF       interrupt_left_L2, 0
0x00A7	0x0087      	MOVWF      PORTC
;mado.c,63 :: 		delay_ms(10);}
0x00A8	0x301A      	MOVLW      26
0x00A9	0x00FC      	MOVWF      R12
0x00AA	0x30F8      	MOVLW      248
0x00AB	0x00FD      	MOVWF      R13
L_interrupt18:
0x00AC	0x0BFD      	DECFSZ     R13, 1
0x00AD	0x28AC      	GOTO       L_interrupt18
0x00AE	0x0BFC      	DECFSZ     R12, 1
0x00AF	0x28AC      	GOTO       L_interrupt18
0x00B0	0x0000      	NOP
;mado.c,53 :: 		for(i=0;i<40;i++){
0x00B1	0x0AAA      	INCF       _i, 1
;mado.c,63 :: 		delay_ms(10);}
0x00B2	0x287B      	GOTO       L_interrupt14
L_interrupt15:
;mado.c,64 :: 		portd=0;
0x00B3	0x0188      	CLRF       PORTD
;mado.c,65 :: 		}
0x00B4	0x2906      	GOTO       L_interrupt19
L_interrupt13:
;mado.c,68 :: 		else if(j==3){
0x00B5	0x3000      	MOVLW      0
0x00B6	0x0628      	XORWF      _j+1, 0
0x00B7	0x1D03      	BTFSS      STATUS, 2
0x00B8	0x28BB      	GOTO       L__interrupt63
0x00B9	0x3003      	MOVLW      3
0x00BA	0x0627      	XORWF      _j, 0
L__interrupt63:
0x00BB	0x1D03      	BTFSS      STATUS, 2
0x00BC	0x2906      	GOTO       L_interrupt20
;mado.c,69 :: 		for(count=3;count>=0;count--){
0x00BD	0x3003      	MOVLW      3
0x00BE	0x00A9      	MOVWF      _count
L_interrupt21:
0x00BF	0x3080      	MOVLW      128
0x00C0	0x0629      	XORWF      _count, 0
0x00C1	0x00F0      	MOVWF      R0
0x00C2	0x3080      	MOVLW      128
0x00C3	0x3A00      	XORLW      0
0x00C4	0x0270      	SUBWF      R0, 0
0x00C5	0x1C03      	BTFSS      STATUS, 0
0x00C6	0x2904      	GOTO       L_interrupt22
;mado.c,71 :: 		portd=0b010001;
0x00C7	0x3011      	MOVLW      17
0x00C8	0x0088      	MOVWF      PORTD
;mado.c,72 :: 		for(i=0;i<40;i++){
0x00C9	0x01AA      	CLRF       _i
L_interrupt24:
0x00CA	0x3028      	MOVLW      40
0x00CB	0x022A      	SUBWF      _i, 0
0x00CC	0x1803      	BTFSC      STATUS, 0
0x00CD	0x2902      	GOTO       L_interrupt25
;mado.c,73 :: 		int left=count/10;
0x00CE	0x300A      	MOVLW      10
0x00CF	0x00F4      	MOVWF      R4
0x00D0	0x0829      	MOVF       _count, 0
0x00D1	0x00F0      	MOVWF      R0
0x00D2	0x211B      	CALL       _Div_8X8_S
0x00D3	0x0870      	MOVF       R0, 0
0x00D4	0x00BC      	MOVWF      interrupt_left_L3_L3
0x00D5	0x3000      	MOVLW      0
0x00D6	0x1BBC      	BTFSC      interrupt_left_L3_L3, 7
0x00D7	0x30FF      	MOVLW      255
0x00D8	0x00BD      	MOVWF      interrupt_left_L3_L3+1
;mado.c,74 :: 		int right=count%10;
0x00D9	0x300A      	MOVLW      10
0x00DA	0x00F4      	MOVWF      R4
0x00DB	0x0829      	MOVF       _count, 0
0x00DC	0x00F0      	MOVWF      R0
0x00DD	0x211B      	CALL       _Div_8X8_S
0x00DE	0x0878      	MOVF       R8, 0
0x00DF	0x00F0      	MOVWF      R0
0x00E0	0x0870      	MOVF       R0, 0
0x00E1	0x00BE      	MOVWF      interrupt_right_L3_L3
0x00E2	0x3000      	MOVLW      0
0x00E3	0x1BBE      	BTFSC      interrupt_right_L3_L3, 7
0x00E4	0x30FF      	MOVLW      255
0x00E5	0x00BF      	MOVWF      interrupt_right_L3_L3+1
;mado.c,75 :: 		LSD=0;//pnp transistor is on
0x00E6	0x1009      	BCF        PORTE, 0
;mado.c,76 :: 		MSD=1; //pnp transistor is off
0x00E7	0x1489      	BSF        PORTE, 1
;mado.c,77 :: 		display=right;
0x00E8	0x083E      	MOVF       interrupt_right_L3_L3, 0
0x00E9	0x0087      	MOVWF      PORTC
;mado.c,78 :: 		delay_ms(10);
0x00EA	0x301A      	MOVLW      26
0x00EB	0x00FC      	MOVWF      R12
0x00EC	0x30F8      	MOVLW      248
0x00ED	0x00FD      	MOVWF      R13
L_interrupt27:
0x00EE	0x0BFD      	DECFSZ     R13, 1
0x00EF	0x28EE      	GOTO       L_interrupt27
0x00F0	0x0BFC      	DECFSZ     R12, 1
0x00F1	0x28EE      	GOTO       L_interrupt27
0x00F2	0x0000      	NOP
;mado.c,79 :: 		LSD=1;//pnp transistor is off
0x00F3	0x1409      	BSF        PORTE, 0
;mado.c,80 :: 		MSD=0; //pnp transistor is on
0x00F4	0x1089      	BCF        PORTE, 1
;mado.c,81 :: 		display= Left;
0x00F5	0x083C      	MOVF       interrupt_left_L3_L3, 0
0x00F6	0x0087      	MOVWF      PORTC
;mado.c,82 :: 		delay_ms(10);}
0x00F7	0x301A      	MOVLW      26
0x00F8	0x00FC      	MOVWF      R12
0x00F9	0x30F8      	MOVLW      248
0x00FA	0x00FD      	MOVWF      R13
L_interrupt28:
0x00FB	0x0BFD      	DECFSZ     R13, 1
0x00FC	0x28FB      	GOTO       L_interrupt28
0x00FD	0x0BFC      	DECFSZ     R12, 1
0x00FE	0x28FB      	GOTO       L_interrupt28
0x00FF	0x0000      	NOP
;mado.c,72 :: 		for(i=0;i<40;i++){
0x0100	0x0AAA      	INCF       _i, 1
;mado.c,82 :: 		delay_ms(10);}
0x0101	0x28CA      	GOTO       L_interrupt24
L_interrupt25:
;mado.c,69 :: 		for(count=3;count>=0;count--){
0x0102	0x03A9      	DECF       _count, 1
;mado.c,83 :: 		}
0x0103	0x28BF      	GOTO       L_interrupt21
L_interrupt22:
;mado.c,84 :: 		j=0;
0x0104	0x01A7      	CLRF       _j
0x0105	0x01A8      	CLRF       _j+1
;mado.c,85 :: 		}
L_interrupt20:
L_interrupt19:
L_interrupt12:
;mado.c,88 :: 		}
L_end_interrupt:
L__interrupt60:
0x0106	0x0826      	MOVF       38, 0
0x0107	0x00F0      	MOVWF      R0
0x0108	0x0825      	MOVF       37, 0
0x0109	0x00F4      	MOVWF      R4
0x010A	0x0824      	MOVF       36, 0
0x010B	0x00F8      	MOVWF      R8
0x010C	0x0823      	MOVF       35, 0
0x010D	0x00FA      	MOVWF      R10
0x010E	0x0822      	MOVF       34, 0
0x010F	0x00FB      	MOVWF      R11
0x0110	0x0821      	MOVF       33, 0
0x0111	0x00FC      	MOVWF      R12
0x0112	0x0820      	MOVF       32, 0
0x0113	0x00FD      	MOVWF      R13
0x0114	0x082E      	MOVF       ___savePCLATH, 0
0x0115	0x008A      	MOVWF      PCLATH
0x0116	0x0E2D      	SWAPF      ___saveSTATUS, 0
0x0117	0x0083      	MOVWF      STATUS
0x0118	0x0EFF      	SWAPF      R15, 1
0x0119	0x0E7F      	SWAPF      R15, 0
0x011A	0x0009      	RETFIE
; end of _interrupt
_Div_8X8_S:
;__Lib_Math.c,606 :: 		
;__Lib_Math.c,614 :: 		
0x011B	0x1283      	BCF        STATUS, 5
;__Lib_Math.c,615 :: 		
0x011C	0x1303      	BCF        STATUS, 6
;__Lib_Math.c,616 :: 		
0x011D	0x01FD      	CLRF       R13
;__Lib_Math.c,617 :: 		
0x011E	0x01F8      	CLRF       R8
;__Lib_Math.c,618 :: 		
0x011F	0x0870      	MOVF       R0, 0
;__Lib_Math.c,619 :: 		
0x0120	0x1903      	BTFSC      STATUS, 2
;__Lib_Math.c,620 :: 		
0x0121	0x3400      	RETLW      0
;__Lib_Math.c,621 :: 		
0x0122	0x0674      	XORWF      R4, 0
;__Lib_Math.c,622 :: 		
0x0123	0x00FA      	MOVWF      R10
;__Lib_Math.c,623 :: 		
0x0124	0x1BFA      	BTFSC      R10, 7
;__Lib_Math.c,624 :: 		
0x0125	0x09FD      	COMF       R13, 1
;__Lib_Math.c,625 :: 		
0x0126	0x01FB      	CLRF       R11
;__Lib_Math.c,626 :: 		
0x0127	0x1FF4      	BTFSS      R4, 7
;__Lib_Math.c,627 :: 		
0x0128	0x292B      	GOTO       $+3
;__Lib_Math.c,628 :: 		
0x0129	0x09F4      	COMF       R4, 1
;__Lib_Math.c,629 :: 		
0x012A	0x0AF4      	INCF       R4, 1
;__Lib_Math.c,630 :: 		
0x012B	0x1FF0      	BTFSS      R0, 7
;__Lib_Math.c,631 :: 		
0x012C	0x292F      	GOTO       $+3
;__Lib_Math.c,632 :: 		
0x012D	0x09F0      	COMF       R0, 1
;__Lib_Math.c,633 :: 		
0x012E	0x0AF0      	INCF       R0, 1
;__Lib_Math.c,634 :: 		
0x012F	0x0870      	MOVF       R0, 0
;__Lib_Math.c,635 :: 		
0x0130	0x0474      	IORWF      R4, 0
;__Lib_Math.c,636 :: 		
0x0131	0x00FA      	MOVWF      R10
;__Lib_Math.c,637 :: 		
0x0132	0x1BFA      	BTFSC      R10, 7
;__Lib_Math.c,638 :: 		
0x0133	0x2953      	GOTO       $+32
;__Lib_Math.c,639 :: 		
0x0134	0x0874      	MOVF       R4, 0
;__Lib_Math.c,640 :: 		
0x0135	0x02F8      	SUBWF      R8, 1
;__Lib_Math.c,641 :: 		
0x0136	0x0DF0      	RLF        R0, 1
;__Lib_Math.c,642 :: 		
0x0137	0x0D70      	RLF        R0, 0
;__Lib_Math.c,643 :: 		
0x0138	0x0DF8      	RLF        R8, 1
;__Lib_Math.c,644 :: 		
0x0139	0x0874      	MOVF       R4, 0
;__Lib_Math.c,645 :: 		
0x013A	0x07F8      	ADDWF      R8, 1
;__Lib_Math.c,646 :: 		
0x013B	0x0DF0      	RLF        R0, 1
;__Lib_Math.c,647 :: 		
0x013C	0x3006      	MOVLW      6
;__Lib_Math.c,648 :: 		
0x013D	0x00FC      	MOVWF      R12
;__Lib_Math.c,649 :: 		
0x013E	0x0D70      	RLF        R0, 0
;__Lib_Math.c,650 :: 		
0x013F	0x0DF8      	RLF        R8, 1
;__Lib_Math.c,651 :: 		
0x0140	0x0874      	MOVF       R4, 0
;__Lib_Math.c,652 :: 		
0x0141	0x1870      	BTFSC      R0, 0
;__Lib_Math.c,653 :: 		
0x0142	0x02F8      	SUBWF      R8, 1
;__Lib_Math.c,654 :: 		
0x0143	0x1C70      	BTFSS      R0, 0
;__Lib_Math.c,655 :: 		
0x0144	0x07F8      	ADDWF      R8, 1
;__Lib_Math.c,656 :: 		
0x0145	0x0DF0      	RLF        R0, 1
;__Lib_Math.c,657 :: 		
0x0146	0x0BFC      	DECFSZ     R12, 1
;__Lib_Math.c,658 :: 		
0x0147	0x293E      	GOTO       $-9
;__Lib_Math.c,659 :: 		
0x0148	0x1C70      	BTFSS      R0, 0
;__Lib_Math.c,660 :: 		
0x0149	0x07F8      	ADDWF      R8, 1
;__Lib_Math.c,661 :: 		
0x014A	0x187B      	BTFSC      R11, 0
;__Lib_Math.c,662 :: 		
0x014B	0x2961      	GOTO       $+22
;__Lib_Math.c,663 :: 		
0x014C	0x1FFD      	BTFSS      R13, 7
;__Lib_Math.c,664 :: 		
0x014D	0x3400      	RETLW      0
;__Lib_Math.c,665 :: 		
0x014E	0x09F0      	COMF       R0, 1
;__Lib_Math.c,666 :: 		
0x014F	0x0AF0      	INCF       R0, 1
;__Lib_Math.c,667 :: 		
0x0150	0x09F8      	COMF       R8, 1
;__Lib_Math.c,668 :: 		
0x0151	0x0AF8      	INCF       R8, 1
;__Lib_Math.c,669 :: 		
0x0152	0x3400      	RETLW      0
;__Lib_Math.c,670 :: 		
0x0153	0x1FF4      	BTFSS      R4, 7
;__Lib_Math.c,671 :: 		
0x0154	0x295E      	GOTO       $+10
;__Lib_Math.c,672 :: 		
0x0155	0x1BF0      	BTFSC      R0, 7
;__Lib_Math.c,673 :: 		
0x0156	0x295B      	GOTO       $+5
;__Lib_Math.c,674 :: 		
0x0157	0x0870      	MOVF       R0, 0
;__Lib_Math.c,675 :: 		
0x0158	0x00F8      	MOVWF      R8
;__Lib_Math.c,676 :: 		
0x0159	0x01F0      	CLRF       R0
;__Lib_Math.c,677 :: 		
0x015A	0x294C      	GOTO       $-14
;__Lib_Math.c,678 :: 		
0x015B	0x01F0      	CLRF       R0
;__Lib_Math.c,679 :: 		
0x015C	0x0AF0      	INCF       R0, 1
;__Lib_Math.c,680 :: 		
0x015D	0x3400      	RETLW      0
;__Lib_Math.c,681 :: 		
0x015E	0x09F0      	COMF       R0, 1
;__Lib_Math.c,682 :: 		
0x015F	0x0AFB      	INCF       R11, 1
;__Lib_Math.c,683 :: 		
0x0160	0x2934      	GOTO       $-44
;__Lib_Math.c,684 :: 		
0x0161	0x0AF8      	INCF       R8, 1
;__Lib_Math.c,685 :: 		
0x0162	0x0874      	MOVF       R4, 0
;__Lib_Math.c,686 :: 		
0x0163	0x0278      	SUBWF      R8, 0
;__Lib_Math.c,687 :: 		
0x0164	0x1D03      	BTFSS      STATUS, 2
;__Lib_Math.c,688 :: 		
0x0165	0x294C      	GOTO       $-25
;__Lib_Math.c,689 :: 		
0x0166	0x01F8      	CLRF       R8
;__Lib_Math.c,690 :: 		
0x0167	0x0AF0      	INCF       R0, 1
;__Lib_Math.c,691 :: 		
0x0168	0x1FF0      	BTFSS      R0, 7
;__Lib_Math.c,692 :: 		
0x0169	0x294C      	GOTO       $-29
;__Lib_Math.c,693 :: 		
0x016A	0x34FF      	RETLW      255
;__Lib_Math.c,695 :: 		
L_end_Div_8X8_S:
0x016B	0x0008      	RETURN
; end of _Div_8X8_S
_____DoICP:
;__Lib_System.c,6 :: 		
;__Lib_System.c,9 :: 		
0x016C	0x1283      	BCF        STATUS, 5
0x016D	0x1303      	BCF        STATUS, 6
0x016E	0x082C      	MOVF       ___DoICPAddr+1, 0
0x016F	0x008A      	MOVWF      PCLATH
;__Lib_System.c,10 :: 		
0x0170	0x082B      	MOVF       ___DoICPAddr, 0
0x0171	0x0082      	MOVWF      PCL
;__Lib_System.c,12 :: 		
L_end_____DoICP:
0x0172	0x0008      	RETURN
; end of _____DoICP
___CC2DW:
;__Lib_System.c,134 :: 		
;__Lib_System.c,137 :: 		
_CC2D_Loop1:
;__Lib_System.c,139 :: 		
0x0173	0x216C      	CALL       _____DoICP
0x0174	0x118A      	BCF        PCLATH, 3
0x0175	0x120A      	BCF        PCLATH, 4
;__Lib_System.c,141 :: 		
0x0176	0x0080      	MOVWF      INDF
;__Lib_System.c,142 :: 		
0x0177	0x0A84      	INCF       FSR, 1
;__Lib_System.c,143 :: 		
0x0178	0x0AAB      	INCF       ___DoICPAddr, 1
;__Lib_System.c,145 :: 		
0x0179	0x1903      	BTFSC      STATUS, 2
;__Lib_System.c,146 :: 		
0x017A	0x0AAC      	INCF       ___DoICPAddr+1, 1
;__Lib_System.c,147 :: 		
0x017B	0x03F0      	DECF       R0, 1
;__Lib_System.c,149 :: 		
0x017C	0x1D03      	BTFSS      STATUS, 2
;__Lib_System.c,150 :: 		
0x017D	0x2973      	GOTO       _CC2D_Loop1
;__Lib_System.c,152 :: 		
L_end___CC2DW:
0x017E	0x0008      	RETURN
; end of ___CC2DW
_counter:
;mado.c,9 :: 		void counter(signed char count){
;mado.c,10 :: 		int left=count/10;
0x017F	0x300A      	MOVLW      10
0x0180	0x1283      	BCF        STATUS, 5
0x0181	0x1303      	BCF        STATUS, 6
0x0182	0x00F4      	MOVWF      R4
0x0183	0x082F      	MOVF       FARG_counter_count, 0
0x0184	0x00F0      	MOVWF      R0
0x0185	0x211B      	CALL       _Div_8X8_S
0x0186	0x0870      	MOVF       R0, 0
0x0187	0x00B0      	MOVWF      counter_left_L0
0x0188	0x3000      	MOVLW      0
0x0189	0x1BB0      	BTFSC      counter_left_L0, 7
0x018A	0x30FF      	MOVLW      255
0x018B	0x00B1      	MOVWF      counter_left_L0+1
;mado.c,11 :: 		int right=count%10;
0x018C	0x300A      	MOVLW      10
0x018D	0x00F4      	MOVWF      R4
0x018E	0x082F      	MOVF       FARG_counter_count, 0
0x018F	0x00F0      	MOVWF      R0
0x0190	0x211B      	CALL       _Div_8X8_S
0x0191	0x0878      	MOVF       R8, 0
0x0192	0x00F0      	MOVWF      R0
0x0193	0x0870      	MOVF       R0, 0
0x0194	0x00B2      	MOVWF      counter_right_L0
0x0195	0x3000      	MOVLW      0
0x0196	0x1BB2      	BTFSC      counter_right_L0, 7
0x0197	0x30FF      	MOVLW      255
0x0198	0x00B3      	MOVWF      counter_right_L0+1
;mado.c,12 :: 		LSD=0;//pnp transistor is on
0x0199	0x1009      	BCF        PORTE, 0
;mado.c,13 :: 		MSD=1; //pnp transistor is off
0x019A	0x1489      	BSF        PORTE, 1
;mado.c,14 :: 		display=right;
0x019B	0x0832      	MOVF       counter_right_L0, 0
0x019C	0x0087      	MOVWF      PORTC
;mado.c,15 :: 		delay_ms(10);
0x019D	0x301A      	MOVLW      26
0x019E	0x00FC      	MOVWF      R12
0x019F	0x30F8      	MOVLW      248
0x01A0	0x00FD      	MOVWF      R13
L_counter0:
0x01A1	0x0BFD      	DECFSZ     R13, 1
0x01A2	0x29A1      	GOTO       L_counter0
0x01A3	0x0BFC      	DECFSZ     R12, 1
0x01A4	0x29A1      	GOTO       L_counter0
0x01A5	0x0000      	NOP
;mado.c,16 :: 		LSD=1;//pnp transistor is off
0x01A6	0x1409      	BSF        PORTE, 0
;mado.c,17 :: 		MSD=0; //pnp transistor is on
0x01A7	0x1089      	BCF        PORTE, 1
;mado.c,18 :: 		display= Left;
0x01A8	0x0830      	MOVF       counter_left_L0, 0
0x01A9	0x0087      	MOVWF      PORTC
;mado.c,19 :: 		delay_ms(10);
0x01AA	0x301A      	MOVLW      26
0x01AB	0x00FC      	MOVWF      R12
0x01AC	0x30F8      	MOVLW      248
0x01AD	0x00FD      	MOVWF      R13
L_counter1:
0x01AE	0x0BFD      	DECFSZ     R13, 1
0x01AF	0x29AE      	GOTO       L_counter1
0x01B0	0x0BFC      	DECFSZ     R12, 1
0x01B1	0x29AE      	GOTO       L_counter1
0x01B2	0x0000      	NOP
;mado.c,20 :: 		}
L_end_counter:
0x01B3	0x0008      	RETURN
; end of _counter
_main:
0x01B4	0x1283      	BCF        STATUS, 5
0x01B5	0x1303      	BCF        STATUS, 6
0x01B6	0x01A7      	CLRF       _j
0x01B7	0x01A8      	CLRF       40
;mado.c,91 :: 		void main(){
;mado.c,92 :: 		ADCON1=7;
0x01B8	0x3007      	MOVLW      7
0x01B9	0x1683      	BSF        STATUS, 5
0x01BA	0x009F      	MOVWF      ADCON1
;mado.c,93 :: 		trisb.b1=1;
0x01BB	0x1486      	BSF        TRISB, 1
;mado.c,94 :: 		trisb.b0=1;
0x01BC	0x1406      	BSF        TRISB, 0
;mado.c,95 :: 		gie_bit=1;
0x01BD	0x178B      	BSF        GIE_bit, BitPos(GIE_bit+0)
;mado.c,96 :: 		inte_bit=1;
0x01BE	0x160B      	BSF        INTE_bit, BitPos(INTE_bit+0)
;mado.c,97 :: 		intedg_bit=1;//raising edge
0x01BF	0x1701      	BSF        INTEDG_bit, BitPos(INTEDG_bit+0)
;mado.c,98 :: 		portB.B1=1;
0x01C0	0x1283      	BCF        STATUS, 5
0x01C1	0x1486      	BSF        PORTB, 1
;mado.c,99 :: 		trisc=0;portc=0;
0x01C2	0x1683      	BSF        STATUS, 5
0x01C3	0x0187      	CLRF       TRISC
0x01C4	0x1283      	BCF        STATUS, 5
0x01C5	0x0187      	CLRF       PORTC
;mado.c,100 :: 		trisd=0; portd=0;//Red1=D0 YELLOW1=D1 Green1=D2 Red2=D3 YELLOW2=D4 Green2=D5
0x01C6	0x1683      	BSF        STATUS, 5
0x01C7	0x0188      	CLRF       TRISD
0x01C8	0x1283      	BCF        STATUS, 5
0x01C9	0x0188      	CLRF       PORTD
;mado.c,101 :: 		trisE.b0=0;  LSD=1;  //pnp transistor off
0x01CA	0x1683      	BSF        STATUS, 5
0x01CB	0x1009      	BCF        TRISE, 0
0x01CC	0x1283      	BCF        STATUS, 5
0x01CD	0x1409      	BSF        PORTE, 0
;mado.c,102 :: 		trisE.b1=0;  MSD=1;   //pnp transistor off
0x01CE	0x1683      	BSF        STATUS, 5
0x01CF	0x1089      	BCF        TRISE, 1
0x01D0	0x1283      	BCF        STATUS, 5
0x01D1	0x1489      	BSF        PORTE, 1
;mado.c,103 :: 		for(;;){
L_main29:
;mado.c,104 :: 		while(portb.b1==0){
L_main32:
0x01D2	0x1886      	BTFSC      PORTB, 1
0x01D3	0x2A37      	GOTO       L_main33
;mado.c,105 :: 		for(count=23;count>=0;count--){
0x01D4	0x3017      	MOVLW      23
0x01D5	0x00A9      	MOVWF      _count
L_main34:
0x01D6	0x3080      	MOVLW      128
0x01D7	0x0629      	XORWF      _count, 0
0x01D8	0x00F0      	MOVWF      R0
0x01D9	0x3080      	MOVLW      128
0x01DA	0x3A00      	XORLW      0
0x01DB	0x0270      	SUBWF      R0, 0
0x01DC	0x1C03      	BTFSS      STATUS, 0
0x01DD	0x2A05      	GOTO       L_main35
;mado.c,106 :: 		if(SWITCH==1){
0x01DE	0x1C86      	BTFSS      PORTB, 1
0x01DF	0x29E1      	GOTO       L_main37
;mado.c,107 :: 		break; }
0x01E0	0x2A05      	GOTO       L_main35
L_main37:
;mado.c,108 :: 		portD.b0=0;
0x01E1	0x1008      	BCF        PORTD, 0
;mado.c,109 :: 		portD.b4=0;
0x01E2	0x1208      	BCF        PORTD, 4
;mado.c,110 :: 		portD.b3=1;
0x01E3	0x1588      	BSF        PORTD, 3
;mado.c,111 :: 		portD.b2=1;
0x01E4	0x1508      	BSF        PORTD, 2
;mado.c,112 :: 		if(count<=3){
0x01E5	0x3080      	MOVLW      128
0x01E6	0x3A03      	XORLW      3
0x01E7	0x00F0      	MOVWF      R0
0x01E8	0x3080      	MOVLW      128
0x01E9	0x0629      	XORWF      _count, 0
0x01EA	0x0270      	SUBWF      R0, 0
0x01EB	0x1C03      	BTFSS      STATUS, 0
0x01EC	0x29F9      	GOTO       L_main38
;mado.c,114 :: 		portD.b2=0;
0x01ED	0x1108      	BCF        PORTD, 2
;mado.c,115 :: 		portD.b1=1;
0x01EE	0x1488      	BSF        PORTD, 1
;mado.c,116 :: 		for(i=0;i<40;i++)
0x01EF	0x01AA      	CLRF       _i
L_main39:
0x01F0	0x3028      	MOVLW      40
0x01F1	0x022A      	SUBWF      _i, 0
0x01F2	0x1803      	BTFSC      STATUS, 0
0x01F3	0x29F9      	GOTO       L_main40
;mado.c,117 :: 		counter(count) ;
0x01F4	0x0829      	MOVF       _count, 0
0x01F5	0x00AF      	MOVWF      FARG_counter_count
0x01F6	0x217F      	CALL       _counter
;mado.c,116 :: 		for(i=0;i<40;i++)
0x01F7	0x0AAA      	INCF       _i, 1
;mado.c,117 :: 		counter(count) ;
0x01F8	0x29F0      	GOTO       L_main39
L_main40:
;mado.c,118 :: 		}
L_main38:
;mado.c,121 :: 		for(i=0;i<40;i++)
0x01F9	0x01AA      	CLRF       _i
L_main42:
0x01FA	0x3028      	MOVLW      40
0x01FB	0x022A      	SUBWF      _i, 0
0x01FC	0x1803      	BTFSC      STATUS, 0
0x01FD	0x2A03      	GOTO       L_main43
;mado.c,122 :: 		counter(count) ;
0x01FE	0x0829      	MOVF       _count, 0
0x01FF	0x00AF      	MOVWF      FARG_counter_count
0x0200	0x217F      	CALL       _counter
;mado.c,121 :: 		for(i=0;i<40;i++)
0x0201	0x0AAA      	INCF       _i, 1
;mado.c,122 :: 		counter(count) ;
0x0202	0x29FA      	GOTO       L_main42
L_main43:
;mado.c,105 :: 		for(count=23;count>=0;count--){
0x0203	0x03A9      	DECF       _count, 1
;mado.c,123 :: 		}
0x0204	0x29D6      	GOTO       L_main34
L_main35:
;mado.c,124 :: 		for(count=15;count>=0;count--){
0x0205	0x300F      	MOVLW      15
0x0206	0x00A9      	MOVWF      _count
L_main45:
0x0207	0x3080      	MOVLW      128
0x0208	0x0629      	XORWF      _count, 0
0x0209	0x00F0      	MOVWF      R0
0x020A	0x3080      	MOVLW      128
0x020B	0x3A00      	XORLW      0
0x020C	0x0270      	SUBWF      R0, 0
0x020D	0x1C03      	BTFSS      STATUS, 0
0x020E	0x2A36      	GOTO       L_main46
;mado.c,125 :: 		if(SWITCH==1){
0x020F	0x1C86      	BTFSS      PORTB, 1
0x0210	0x2A12      	GOTO       L_main48
;mado.c,126 :: 		break; }
0x0211	0x2A36      	GOTO       L_main46
L_main48:
;mado.c,127 :: 		portD.b3=0;
0x0212	0x1188      	BCF        PORTD, 3
;mado.c,128 :: 		portD.b1=0;
0x0213	0x1088      	BCF        PORTD, 1
;mado.c,129 :: 		portD.b0=1;
0x0214	0x1408      	BSF        PORTD, 0
;mado.c,130 :: 		portD.b5=1;
0x0215	0x1688      	BSF        PORTD, 5
;mado.c,131 :: 		if(count<=3){
0x0216	0x3080      	MOVLW      128
0x0217	0x3A03      	XORLW      3
0x0218	0x00F0      	MOVWF      R0
0x0219	0x3080      	MOVLW      128
0x021A	0x0629      	XORWF      _count, 0
0x021B	0x0270      	SUBWF      R0, 0
0x021C	0x1C03      	BTFSS      STATUS, 0
0x021D	0x2A2A      	GOTO       L_main49
;mado.c,132 :: 		portD.b5=0;
0x021E	0x1288      	BCF        PORTD, 5
;mado.c,133 :: 		portD.b4=1;
0x021F	0x1608      	BSF        PORTD, 4
;mado.c,134 :: 		for(i=0;i<40;i++)
0x0220	0x01AA      	CLRF       _i
L_main50:
0x0221	0x3028      	MOVLW      40
0x0222	0x022A      	SUBWF      _i, 0
0x0223	0x1803      	BTFSC      STATUS, 0
0x0224	0x2A2A      	GOTO       L_main51
;mado.c,135 :: 		counter(count) ;
0x0225	0x0829      	MOVF       _count, 0
0x0226	0x00AF      	MOVWF      FARG_counter_count
0x0227	0x217F      	CALL       _counter
;mado.c,134 :: 		for(i=0;i<40;i++)
0x0228	0x0AAA      	INCF       _i, 1
;mado.c,135 :: 		counter(count) ;
0x0229	0x2A21      	GOTO       L_main50
L_main51:
;mado.c,136 :: 		}
L_main49:
;mado.c,137 :: 		for(i=0;i<40;i++)
0x022A	0x01AA      	CLRF       _i
L_main53:
0x022B	0x3028      	MOVLW      40
0x022C	0x022A      	SUBWF      _i, 0
0x022D	0x1803      	BTFSC      STATUS, 0
0x022E	0x2A34      	GOTO       L_main54
;mado.c,138 :: 		counter(count) ;
0x022F	0x0829      	MOVF       _count, 0
0x0230	0x00AF      	MOVWF      FARG_counter_count
0x0231	0x217F      	CALL       _counter
;mado.c,137 :: 		for(i=0;i<40;i++)
0x0232	0x0AAA      	INCF       _i, 1
;mado.c,138 :: 		counter(count) ;
0x0233	0x2A2B      	GOTO       L_main53
L_main54:
;mado.c,124 :: 		for(count=15;count>=0;count--){
0x0234	0x03A9      	DECF       _count, 1
;mado.c,139 :: 		}
0x0235	0x2A07      	GOTO       L_main45
L_main46:
;mado.c,140 :: 		}
0x0236	0x29D2      	GOTO       L_main32
L_main33:
;mado.c,141 :: 		while(portb.b1==1){
0x0237	0x1C86      	BTFSS      PORTB, 1
0x0238	0x2A39      	GOTO       L_main57
;mado.c,150 :: 		}
L_main57:
;mado.c,151 :: 		}
0x0239	0x29D2      	GOTO       L_main29
;mado.c,153 :: 		}
L_end_main:
0x023A	0x2A3A      	GOTO       $+0
; end of _main
Symbol List:
//** Routines locations **
//ADDRESS    SIZE    PROCEDURE
//----------------------------------------------
0x0004     [279]    _interrupt
0x011B      [81]    _Div_8X8_S
0x016C       [7]    _____DoICP
0x0173      [12]    ___CC2DW
0x017F      [53]    _counter
0x01B4     [135]    _main
//** Variables locations ** 
//ADDRESS    SIZE    VARIABLE
//----------------------------------------------
0x0000       [1]    INDF
0x0002       [1]    PCL
0x0003       [1]    STATUS
0x0004       [1]    FSR
0x0006       [1]    PORTB
0x0007       [1]    PORTC
0x0008       [1]    PORTD
0x0009       [1]    PORTE
0x000A       [1]    PCLATH
0x000B       [0]    INTE_bit
0x000B       [0]    INTF_bit
0x000B       [0]    GIE_bit
0x0027       [2]    _j
0x0029       [1]    _count
0x002A       [1]    _i
0x002B       [2]    ___DoICPAddr
0x002D       [1]    ___saveSTATUS
0x002E       [1]    ___savePCLATH
0x002F       [1]    FARG_counter_count
0x0030       [2]    counter_left_L0
0x0032       [2]    counter_right_L0
0x0034       [2]    interrupt_left_L3
0x0036       [2]    interrupt_right_L3
0x0038       [2]    interrupt_left_L2
0x003A       [2]    interrupt_right_L2
0x003C       [2]    interrupt_left_L3_L3
0x003E       [2]    interrupt_right_L3_L3
0x0070       [1]    R0
0x0071       [1]    R1
0x0072       [1]    R2
0x0073       [1]    R3
0x0074       [1]    R4
0x0075       [1]    R5
0x0076       [1]    R6
0x0077       [1]    R7
0x0078       [1]    R8
0x0079       [1]    R9
0x007A       [1]    R10
0x007B       [1]    R11
0x007C       [1]    R12
0x007D       [1]    R13
0x007E       [1]    R14
0x007F       [1]    R15
0x0081       [0]    INTEDG_bit
0x0086       [1]    TRISB
0x0087       [1]    TRISC
0x0088       [1]    TRISD
0x0089       [1]    TRISE
0x009F       [1]    ADCON1
//** Label List: ** 
//----------------------------------------------
  L_counter0
  L_counter1
  L_interrupt2
  L_interrupt3
  L_interrupt4
  L_interrupt5
  L_interrupt6
  L_interrupt7
  L_interrupt8
  L_interrupt9
  L_interrupt10
  L_interrupt11
  L_interrupt12
  L_interrupt13
  L_interrupt14
  L_interrupt15
  L_interrupt16
  L_interrupt17
  L_interrupt18
  L_interrupt19
  L_interrupt20
  L_interrupt21
  L_interrupt22
  L_interrupt23
  L_interrupt24
  L_interrupt25
  L_interrupt26
  L_interrupt27
  L_interrupt28
  L_main29
  L_main30
  L_main31
  L_main32
  L_main33
  L_main34
  L_main35
  L_main36
  L_main37
  L_main38
  L_main39
  L_main40
  L_main41
  L_main42
  L_main43
  L_main44
  L_main45
  L_main46
  L_main47
  L_main48
  L_main49
  L_main50
  L_main51
  L_main52
  L_main53
  L_main54
  L_main55
  L_main56
  L_main57
  L_end_counter
  _counter
  L_end_interrupt
  _interrupt
  L__interrupt60
  L__interrupt61
  L__interrupt62
  L__interrupt63
  L_end_main
  _main
  L_Div_16x16_S0
  L_Div_16x16_S1
  LOOPS3232A
  SADD22LA
  SOK22LA
  SADD22L8
  SOK22L8
  LOOPS3232B
  SADD22LB
  SOK22LB
  SADD22L16
  SOK22L16
  LOOPS3232C
  SADD22LC
  SOK22LC
  SADD22L24
  SOK22L24
  LOOPS3232D
  SADD22LD
  SOK22LD
  SOK22L
  L_Div_32x32_S6
  L_Div_32x32_S7
  L_Div_32x32_S8
  L_Div_32x32_S9
  FXD3232S
  END_ALL
  CA3232S
  C3232SX
  C3232SX1
  C3232S
  C3232S2
  C3232SX4
  C3232SOK
  C3232SX3
  C3232SX2
  avoid_comfrem
  LOOPU3232A
  UADD22LA
  UOK22LA
  UADD22L8
  UOK22L8
  LOOPU3232B
  UADD22LB
  UOK22LB
  UADD22L16
  UOK22L16
  LOOPU3232C
  UADD22LC
  UOK22LC
  UADD22L24
  UOK22L24
  LOOPU3232D
  UADD22LD
  UOK22LD
  UOK22L
  _NEXT
  _EXIT2
  _LOOP
  _EXIT1
  _IF_FIRST
  _IF_SECOND
  _INVERCE_FIRST
  _MULT
  _INBERSE_SECOND
  _EXIT
  L_end_Mul_8X8_U
  _Mul_8X8_U
  L_end_Mul_16X16_U
  _Mul_16X16_U
  L_end_Div_8X8_U
  _Div_8X8_U
  L_end_Div_16X16_U
  _Div_16X16_U
  L_end_Mul_8X8_S
  _Mul_8X8_S
  L_end_Mul_16X16_S
  _Mul_16X16_S
  L_end_Div_16x16_S_L
  _Div_16x16_S_L
  L_end_Div_16x16_S
  _Div_16x16_S
  L_end_Div_8X8_S
  _Div_8X8_S
  L_end_SDIV3232L
  _SDIV3232L
  L_end_COMFREM
  _COMFREM
  L_end_Div_32x32_S
  _Div_32x32_S
  L_end_Div_32x32_U
  _Div_32x32_U
  L_end_Mul_32x32_U
  _Mul_32x32_U
  L_end_Mul_32x32_S
  _Mul_32x32_S
  L_loopCA2AWs
  L_CA2AWend
  _CCA2AW_Loop1
  L_loopCS2Ss
  L_CS2Send
  _CCS2S_Loop1
  L_CCS2Send
  L_loopFZinSWs
  L_FZinSend
  _CC2D_Loop1
  L_end_____DoICP
  _____DoICP
  L_end_____DoIFC
  _____DoIFC
  L_end___CA2AW
  ___CA2AW
  L_end___CCA2AW
  ___CCA2AW
  L_end___CS2S
  ___CS2S
  L_end___CCS2S
  ___CCS2S
  L_end___FZinS
  ___FZinS
  L_end___CC2DW
  ___CC2DW
  L_end_Swap
  _Swap
  L_counter0
  L_counter1
  L_interrupt2
  L_interrupt3
  L_interrupt4
  L_interrupt5
  L_interrupt6
  L_interrupt7
  L_interrupt8
  L_interrupt9
  L_interrupt10
  L_interrupt11
  L_interrupt12
  L_interrupt13
  L_interrupt14
  L_interrupt15
  L_interrupt16
  L_interrupt17
  L_interrupt18
  L_interrupt19
  L_interrupt20
  L_interrupt21
  L_interrupt22
  L_interrupt23
  L_interrupt24
  L_interrupt25
  L_interrupt26
  L_interrupt27
  L_interrupt28
  L_main29
  L_main30
  L_main31
  L_main32
  L_main33
  L_main34
  L_main35
  L_main36
  L_main37
  L_main38
  L_main39
  L_main40
  L_main41
  L_main42
  L_main43
  L_main44
  L_main45
  L_main46
  L_main47
  L_main48
  L_main49
  L_main50
  L_main51
  L_main52
  L_main53
  L_main54
  L_main55
  L_main56
  L_main57
  L_end_counter
  _counter
  L_end_interrupt
  _interrupt
  L__interrupt60
  L__interrupt61
  L__interrupt62
  L__interrupt63
  L_end_main
  _main
